<?xml version="1.0" encoding="UTF-8"?>
<!-- Generated by org.testng.reporters.JUnitReportReporter -->
<testsuite skipped="0" hostname="HW0817" name="scripts.UpdateCart" tests="1" failures="0" timestamp="15 Dec 2016 14:50:44 GMT" time="15.399" errors="0">
  <testcase name="testCart" time="15.399" classname="scripts.UpdateCart"/>
</testsuite> <!-- scripts.UpdateCart -->
