<?xml version="1.0" encoding="UTF-8"?>
<!-- Generated by org.testng.reporters.JUnitReportReporter -->
<testsuite skipped="0" hostname="ndasam-PC" name="scripts.TC03" tests="1" failures="0" timestamp="2 Oct 2016 02:37:42 GMT" time="22.903" errors="0">
  <testcase name="testTC02" time="22.903" classname="scripts.TC03"/>
</testsuite> <!-- scripts.TC03 -->
