<?xml version="1.0" encoding="UTF-8"?>
<!-- Generated by org.testng.reporters.JUnitReportReporter -->
<testsuite skipped="0" hostname="ndasam-PC" name="scripts.TC01" tests="1" failures="0" timestamp="2 Oct 2016 02:48:08 GMT" time="19.173" errors="0">
  <testcase name="testTC01" time="19.173" classname="scripts.TC01"/>
</testsuite> <!-- scripts.TC01 -->
