<?xml version="1.0" encoding="UTF-8"?>
<!-- Generated by org.testng.reporters.JUnitReportReporter -->
<testsuite skipped="0" hostname="HW0817" name="scripts.CreateAccount" tests="1" failures="0" timestamp="15 Dec 2016 14:50:43 GMT" time="8.035" errors="0">
  <testcase name="testCreateAccount" time="8.035" classname="scripts.CreateAccount"/>
</testsuite> <!-- scripts.CreateAccount -->
