<?xml version="1.0" encoding="UTF-8"?>
<!-- Generated by org.testng.reporters.JUnitReportReporter -->
<testsuite skipped="0" hostname="HW0817" name="scripts.FlightSearch" tests="1" failures="0" timestamp="14 Dec 2016 13:10:09 GMT" time="108.811" errors="0">
  <testcase name="testFlightSearch" time="108.811" classname="scripts.FlightSearch"/>
</testsuite> <!-- scripts.FlightSearch -->
