<?xml version="1.0" encoding="UTF-8"?>
<!-- Generated by org.testng.reporters.JUnitReportReporter -->
<testsuite skipped="0" hostname="HW0817" name="scripts.Sign_Out" tests="1" failures="0" timestamp="15 Dec 2016 06:22:53 GMT" time="43.209" errors="0">
  <testcase name="testUpdateAccount" time="43.209" classname="scripts.Sign_Out"/>
</testsuite> <!-- scripts.Sign_Out -->
