<?xml version="1.0" encoding="UTF-8"?>
<!-- Generated by org.testng.reporters.JUnitReportReporter -->
<testsuite skipped="0" hostname="ndasam-PC" name="scripts.TC02" tests="1" failures="0" timestamp="2 Oct 2016 02:45:02 GMT" time="51.866" errors="0">
  <testcase name="testTC02" time="51.866" classname="scripts.TC02"/>
</testsuite> <!-- scripts.TC02 -->
