<?xml version="1.0" encoding="UTF-8"?>
<!-- Generated by org.testng.reporters.JUnitReportReporter -->
<testsuite skipped="0" hostname="HW0817" name="scripts.UpdateAccount" tests="1" failures="0" timestamp="15 Dec 2016 14:50:44 GMT" time="15.683" errors="0">
  <testcase name="testUpdateAccount" time="15.683" classname="scripts.UpdateAccount"/>
</testsuite> <!-- scripts.UpdateAccount -->
