<?xml version="1.0" encoding="UTF-8"?>
<!-- Generated by org.testng.reporters.JUnitReportReporter -->
<testsuite skipped="0" hostname="HW0817" name="scripts.SignIn_Out" tests="1" failures="0" timestamp="20 Dec 2016 13:20:29 GMT" time="31.583" errors="0">
  <testcase name="testCreateAccount" time="31.583" classname="scripts.SignIn_Out"/>
</testsuite> <!-- scripts.SignIn_Out -->
